#
# A fatal error has been detected by the Java Runtime Environment:
#
#  EXCEPTION_ACCESS_VIOLATION (0xc0000005) at pc=0x77c88e19, pid=4816, tid=7788
#
# JRE version: Java(TM) SE Runtime Environment (7.0_51-b13) (build 1.7.0_51-b13)
# Java VM: Java HotSpot(TM) Client VM (24.51-b03 mixed mode, sharing windows-x86 )
# Problematic frame:
# C  [ntdll.dll+0x38e19]
#
# Failed to write core dump. Minidumps are not enabled by default on client versions of Windows
#
# If you would like to submit a bug report, please visit:
#   http://bugreport.sun.com/bugreport/crash.jsp
# The crash happened outside the Java Virtual Machine in native code.
# See problematic frame for where to report the bug.
#

---------------  T H R E A D  ---------------

Current thread (0x04af0c00):  JavaThread "Thread-2" [_thread_in_native, id=7788, stack(0x09bf0000,0x09c40000)]

siginfo: ExceptionCode=0xc0000005, writing address 0x00000014

Registers:
EAX=0x00000000, EBX=0xfffffffc, ECX=0x00000000, EDX=0x00000004
ESP=0x09c3f328, EBP=0x09c3f378, ESI=0x053207e4, EDI=0x053207e8
EIP=0x77c88e19, EFLAGS=0x00010213

Top of Stack: (sp=0x09c3f328)
0x09c3f328:   053207e4 053207e8 04af0d30 0000000e
0x09c3f338:   09c3f2bc 09c3f388 0000000e 724d1713
0x09c3f348:   09c3f0d8 09c3f380 724d1713 04af0c00
0x09c3f358:   0218a8a0 04af0c00 09c3f394 00000000
0x09c3f368:   00000000 00000000 7ef85000 0000029c
0x09c3f378:   09c3f3a0 77c88d28 00000000 00000000
0x09c3f388:   04af0d30 053207e0 053207e4 00000004
0x09c3f398:   00000000 00000001 09c3f3b4 6d6914e4 

Instructions: (pc=0x77c88e19)
0x77c88df9:   c2 8b d8 8b c1 f0 0f b1 1f 3b c1 0f 85 58 fe ff
0x77c88e09:   ff 33 c0 89 45 0c 89 45 08 8b 06 83 f8 ff 74 03
0x77c88e19:   ff 40 14 8b 5d f4 8b 7d f0 80 3d 82 03 fe 7f 00
0x77c88e29:   0f 85 da 99 04 00 8b 45 fc 57 6a 00 83 f8 ff 0f 


Register to memory mapping:

EAX=0x00000000 is an unknown value
EBX=0xfffffffc is an unknown value
ECX=0x00000000 is an unknown value
EDX=0x00000004 is an unknown value
ESP=0x09c3f328 is pointing into the stack for thread: 0x04af0c00
EBP=0x09c3f378 is pointing into the stack for thread: 0x04af0c00
ESI=0x053207e4 is an unknown value
EDI=0x053207e8 is an unknown value


Stack: [0x09bf0000,0x09c40000],  sp=0x09c3f328,  free space=316k
Native frames: (J=compiled Java code, j=interpreted, Vv=VM code, C=native code)
C  [ntdll.dll+0x38e19]
C  [ntdll.dll+0x38d28]
C  0x6d6914e4

Java frames: (J=compiled Java code, j=interpreted, Vv=VM code)
j  sun.java2d.d3d.D3DSurfaceData.initOps(III)V+0
j  sun.java2d.d3d.D3DSurfaceData.<init>(Lsun/awt/windows/WComponentPeer;Lsun/java2d/d3d/D3DGraphicsConfig;IILjava/awt/Image;Ljava/awt/image/ColorModel;IILsun/java2d/pipe/hw/ExtendedBufferCapabilities$VSyncType;I)V+76
j  sun.java2d.d3d.D3DSurfaceData.createData(Lsun/java2d/d3d/D3DGraphicsConfig;IILjava/awt/image/ColorModel;Ljava/awt/Image;I)Lsun/java2d/d3d/D3DSurfaceData;+70
j  sun.java2d.d3d.D3DGraphicsConfig.createManagedSurface(III)Lsun/java2d/SurfaceData;+10
j  sun.java2d.d3d.D3DSurfaceDataProxy.validateSurfaceData(Lsun/java2d/SurfaceData;Lsun/java2d/SurfaceData;II)Lsun/java2d/SurfaceData;+22
j  sun.java2d.SurfaceDataProxy.replaceData(Lsun/java2d/SurfaceData;ILsun/java2d/loops/CompositeType;Ljava/awt/Color;)Lsun/java2d/SurfaceData;+191
J  sun.java2d.SurfaceData.getSourceSurfaceData(Ljava/awt/Image;ILsun/java2d/loops/CompositeType;Ljava/awt/Color;)Lsun/java2d/SurfaceData;
j  sun.java2d.pipe.DrawImage.renderImageScale(Lsun/java2d/SunGraphics2D;Ljava/awt/Image;Ljava/awt/Color;IIIIIDDDD)Z+34
j  sun.java2d.pipe.DrawImage.scaleImage(Lsun/java2d/SunGraphics2D;Ljava/awt/Image;IIIILjava/awt/Color;)Z+89
j  sun.java2d.pipe.DrawImage.scaleImage(Lsun/java2d/SunGraphics2D;Ljava/awt/Image;IIIILjava/awt/Color;Ljava/awt/image/ImageObserver;)Z+19
j  sun.java2d.pipe.ValidatePipe.scaleImage(Lsun/java2d/SunGraphics2D;Ljava/awt/Image;IIIILjava/awt/Color;Ljava/awt/image/ImageObserver;)Z+25
j  sun.java2d.SunGraphics2D.drawImage(Ljava/awt/Image;IIIILjava/awt/Color;Ljava/awt/image/ImageObserver;)Z+113
j  sun.java2d.SunGraphics2D.drawImage(Ljava/awt/Image;IIIILjava/awt/image/ImageObserver;)Z+11
j  Main.GamePanel.renderToScreen()V+19
j  Main.GamePanel.run()V+20
j  java.lang.Thread.run()V+11
v  ~StubRoutines::call_stub

---------------  P R O C E S S  ---------------

Java Threads: ( => current thread )
  0x04af2400 JavaThread "Thread-0" daemon [_thread_in_native, id=6544, stack(0x0a370000,0x0a3c0000)]
  0x04af1800 JavaThread "DestroyJavaVM" [_thread_blocked, id=5356, stack(0x01c50000,0x01ca0000)]
=>0x04af0c00 JavaThread "Thread-2" [_thread_in_native, id=7788, stack(0x09bf0000,0x09c40000)]
  0x04af0800 JavaThread "AWT-EventQueue-0" [_thread_blocked, id=2528, stack(0x09170000,0x091c0000)]
  0x04aef800 JavaThread "AWT-Shutdown" [_thread_blocked, id=7668, stack(0x04e70000,0x04ec0000)]
  0x04aef400 JavaThread "Java2D Disposer" daemon [_thread_blocked, id=5324, stack(0x049a0000,0x049f0000)]
  0x0226d000 JavaThread "Service Thread" daemon [_thread_blocked, id=5468, stack(0x04750000,0x047a0000)]
  0x0225a800 JavaThread "C1 CompilerThread0" daemon [_thread_blocked, id=7912, stack(0x04910000,0x04960000)]
  0x02259400 JavaThread "Attach Listener" daemon [_thread_blocked, id=6228, stack(0x043b0000,0x04400000)]
  0x02256400 JavaThread "Signal Dispatcher" daemon [_thread_blocked, id=6080, stack(0x04360000,0x043b0000)]
  0x021e9400 JavaThread "Finalizer" daemon [_thread_blocked, id=5800, stack(0x046f0000,0x04740000)]
  0x021e7c00 JavaThread "Reference Handler" daemon [_thread_blocked, id=5132, stack(0x04490000,0x044e0000)]

Other Threads:
  0x021e6000 VMThread [stack: 0x04520000,0x04570000] [id=7176]
  0x0228bc00 WatcherThread [stack: 0x04a80000,0x04ad0000] [id=6088]

VM state:not at safepoint (normal execution)

VM Mutex/Monitor currently owned by a thread: None

Heap
 def new generation   total 4928K, used 2106K [0x24600000, 0x24b50000, 0x29b50000)
  eden space 4416K,  39% used [0x24600000, 0x247b2b40, 0x24a50000)
  from space 512K,  71% used [0x24a50000, 0x24aabee0, 0x24ad0000)
  to   space 512K,   0% used [0x24ad0000, 0x24ad0000, 0x24b50000)
 tenured generation   total 10944K, used 2465K [0x29b50000, 0x2a600000, 0x34600000)
   the space 10944K,  22% used [0x29b50000, 0x29db86a8, 0x29db8800, 0x2a600000)
 compacting perm gen  total 12288K, used 1404K [0x34600000, 0x35200000, 0x38600000)
   the space 12288K,  11% used [0x34600000, 0x3475f238, 0x3475f400, 0x35200000)
    ro space 10240K,  41% used [0x38600000, 0x38a32050, 0x38a32200, 0x39000000)
    rw space 12288K,  52% used [0x39000000, 0x39646800, 0x39646800, 0x39c00000)

Card table byte_map: [0x02090000,0x02140000] byte_map_base: 0x01f6d000

Polling page: 0x00130000

Code Cache  [0x02360000, 0x02468000, 0x04360000)
 total_blobs=500 nmethods=274 adapters=163 free_code_cache=31743Kb largest_free_block=32505728

Compilation events (10 events):
Event: 4.455 Thread 0x0225a800  270             java.awt.geom.AffineTransform::getShearX (5 bytes)
Event: 4.455 Thread 0x0225a800 nmethod 270 0x0245f448 code [0x0245f540, 0x0245f5c0]
Event: 4.503 Thread 0x0225a800  271             java.util.concurrent.locks.ReentrantLock$NonfairSync::lock (25 bytes)
Event: 4.504 Thread 0x0225a800 nmethod 271 0x0245f608 code [0x0245f730, 0x0245f8a0]
Event: 4.504 Thread 0x0225a800  272             java.util.concurrent.locks.ReentrantLock::lock (8 bytes)
Event: 4.504 Thread 0x0225a800 nmethod 272 0x0245f9c8 code [0x0245fad0, 0x0245fb6c]
Event: 4.520 Thread 0x0225a800  273             java.util.concurrent.locks.ReentrantLock$NonfairSync::tryAcquire (6 bytes)
Event: 4.520 Thread 0x0225a800 nmethod 273 0x0245fbc8 code [0x0245fcc0, 0x0245fd4c]
Event: 4.551 Thread 0x0225a800  274             java.lang.Integer::valueOf (54 bytes)
Event: 4.551 Thread 0x0225a800 nmethod 274 0x0245fdc8 code [0x0245fec0, 0x0245ffb0]

GC Heap History (4 events):
Event: 0.914 GC heap before
{Heap before GC invocations=0 (full 0):
 def new generation   total 4928K, used 3502K [0x24600000, 0x24b50000, 0x29b50000)
  eden space 4416K,  79% used [0x24600000, 0x2496b890, 0x24a50000)
  from space 512K,   0% used [0x24a50000, 0x24a50000, 0x24ad0000)
  to   space 512K,   0% used [0x24ad0000, 0x24ad0000, 0x24b50000)
 tenured generation   total 10944K, used 0K [0x29b50000, 0x2a600000, 0x34600000)
   the space 10944K,   0% used [0x29b50000, 0x29b50000, 0x29b50200, 0x2a600000)
 compacting perm gen  total 12288K, used 1361K [0x34600000, 0x35200000, 0x38600000)
   the space 12288K,  11% used [0x34600000, 0x34754590, 0x34754600, 0x35200000)
    ro space 10240K,  41% used [0x38600000, 0x38a32050, 0x38a32200, 0x39000000)
    rw space 12288K,  52% used [0x39000000, 0x39646800, 0x39646800, 0x39c00000)
Event: 0.918 GC heap after
Heap after GC invocations=1 (full 0):
 def new generation   total 4928K, used 512K [0x24600000, 0x24b50000, 0x29b50000)
  eden space 4416K,   0% used [0x24600000, 0x24600000, 0x24a50000)
  from space 512K, 100% used [0x24ad0000, 0x24b50000, 0x24b50000)
  to   space 512K,   0% used [0x24a50000, 0x24a50000, 0x24ad0000)
 tenured generation   total 10944K, used 944K [0x29b50000, 0x2a600000, 0x34600000)
   the space 10944K,   8% used [0x29b50000, 0x29c3c140, 0x29c3c200, 0x2a600000)
 compacting perm gen  total 12288K, used 1361K [0x34600000, 0x35200000, 0x38600000)
   the space 12288K,  11% used [0x34600000, 0x34754590, 0x34754600, 0x35200000)
    ro space 10240K,  41% used [0x38600000, 0x38a32050, 0x38a32200, 0x39000000)
    rw space 12288K,  52% used [0x39000000, 0x39646800, 0x39646800, 0x39c00000)
}
Event: 1.557 GC heap before
{Heap before GC invocations=1 (full 0):
 def new generation   total 4928K, used 4928K [0x24600000, 0x24b50000, 0x29b50000)
  eden space 4416K, 100% used [0x24600000, 0x24a50000, 0x24a50000)
  from space 512K, 100% used [0x24ad0000, 0x24b50000, 0x24b50000)
  to   space 512K,   0% used [0x24a50000, 0x24a50000, 0x24ad0000)
 tenured generation   total 10944K, used 944K [0x29b50000, 0x2a600000, 0x34600000)
   the space 10944K,   8% used [0x29b50000, 0x29c3c140, 0x29c3c200, 0x2a600000)
 compacting perm gen  total 12288K, used 1398K [0x34600000, 0x35200000, 0x38600000)
   the space 12288K,  11% used [0x34600000, 0x3475d8b8, 0x3475da00, 0x35200000)
    ro space 10240K,  41% used [0x38600000, 0x38a32050, 0x38a32200, 0x39000000)
    rw space 12288K,  52% used [0x39000000, 0x39646800, 0x39646800, 0x39c00000)
Event: 1.560 GC heap after
Heap after GC invocations=2 (full 0):
 def new generation   total 4928K, used 367K [0x24600000, 0x24b50000, 0x29b50000)
  eden space 4416K,   0% used [0x24600000, 0x24600000, 0x24a50000)
  from space 512K,  71% used [0x24a50000, 0x24aabee0, 0x24ad0000)
  to   space 512K,   0% used [0x24ad0000, 0x24ad0000, 0x24b50000)
 tenured generation   total 10944K, used 2465K [0x29b50000, 0x2a600000, 0x34600000)
   the space 10944K,  22% used [0x29b50000, 0x29db86a8, 0x29db8800, 0x2a600000)
 compacting perm gen  total 12288K, used 1398K [0x34600000, 0x35200000, 0x38600000)
   the space 12288K,  11% used [0x34600000, 0x3475d8b8, 0x3475da00, 0x35200000)
    ro space 10240K,  41% used [0x38600000, 0x38a32050, 0x38a32200, 0x39000000)
    rw space 12288K,  52% used [0x39000000, 0x39646800, 0x39646800, 0x39c00000)
}

Deoptimization events (0 events):
No events

Internal exceptions (10 events):
Event: 0.913 Thread 0x04af0c00 Threw 0x24942258 at C:\re\jdk7u51\527\hotspot\src\share\vm\prims\jvm.cpp:1244
Event: 0.926 Thread 0x04af0c00 Threw 0x24848fa0 at C:\re\jdk7u51\527\hotspot\src\share\vm\prims\jvm.cpp:1244
Event: 0.927 Thread 0x04af0c00 Threw 0x2484a4f8 at C:\re\jdk7u51\527\hotspot\src\share\vm\prims\jvm.cpp:1244
Event: 0.928 Thread 0x04af0c00 Threw 0x2486a0f8 at C:\re\jdk7u51\527\hotspot\src\share\vm\prims\jvm.cpp:1244
Event: 0.937 Thread 0x04af0c00 Threw 0x2490d530 at C:\re\jdk7u51\527\hotspot\src\share\vm\prims\jvm.cpp:1244
Event: 0.939 Thread 0x04af0c00 Threw 0x24948050 at C:\re\jdk7u51\527\hotspot\src\share\vm\prims\jvm.cpp:1244
Event: 0.940 Thread 0x04af0c00 Threw 0x24958988 at C:\re\jdk7u51\527\hotspot\src\share\vm\prims\jvm.cpp:1244
Event: 1.413 Thread 0x04af0c00 Threw 0x249cbdd0 at C:\re\jdk7u51\527\hotspot\src\share\vm\prims\jvm.cpp:1244
Event: 1.413 Thread 0x04af0c00 Threw 0x249cdce0 at C:\re\jdk7u51\527\hotspot\src\share\vm\prims\jvm.cpp:1244
Event: 1.420 Thread 0x04af0c00 Threw 0x24a2fa88 at C:\re\jdk7u51\527\hotspot\src\share\vm\prims\jvm.cpp:1244

Events (10 events):
Event: 4.574 Thread 0x04af2c00 Thread added: 0x04af2c00
Event: 4.574 loading class 0x39c6f7d8
Event: 4.574 loading class 0x39c6f780
Event: 4.574 Thread 0x04af2c00 Thread exited: 0x04af2c00
Event: 4.574 loading class 0x39c6f780 done
Event: 4.574 loading class 0x39c6f7d8 done
Event: 4.574 Thread 0x04af2000 Thread exited: 0x04af2000
Event: 4.574 loading class 0x39d95e08
Event: 4.574 Thread 0x04af1400 Thread exited: 0x04af1400
Event: 4.574 loading class 0x39d95e08 done


Dynamic libraries:
0x001f0000 - 0x0021f000 	C:\Program Files (x86)\Java\jre7\bin\javaw.exe
0x77c50000 - 0x77dd0000 	C:\Windows\SysWOW64\ntdll.dll
0x758d0000 - 0x759e0000 	C:\Windows\syswow64\kernel32.dll
0x75fa0000 - 0x75fe7000 	C:\Windows\syswow64\KERNELBASE.dll
0x76080000 - 0x76120000 	C:\Windows\syswow64\ADVAPI32.dll
0x75d70000 - 0x75e1c000 	C:\Windows\syswow64\msvcrt.dll
0x77650000 - 0x77669000 	C:\Windows\SysWOW64\sechost.dll
0x766d0000 - 0x767c0000 	C:\Windows\syswow64\RPCRT4.dll
0x75680000 - 0x756e0000 	C:\Windows\syswow64\SspiCli.dll
0x75670000 - 0x7567c000 	C:\Windows\syswow64\CRYPTBASE.dll
0x761a0000 - 0x762a0000 	C:\Windows\syswow64\USER32.dll
0x759f0000 - 0x75a80000 	C:\Windows\syswow64\GDI32.dll
0x759e0000 - 0x759ea000 	C:\Windows\syswow64\LPK.dll
0x76320000 - 0x763bd000 	C:\Windows\syswow64\USP10.dll
0x74b20000 - 0x74cbe000 	C:\Windows\WinSxS\x86_microsoft.windows.common-controls_6595b64144ccf1df_6.0.7601.17514_none_41e6975e2bd6f2b2\COMCTL32.dll
0x76140000 - 0x76197000 	C:\Windows\syswow64\SHLWAPI.dll
0x775f0000 - 0x77650000 	C:\Windows\system32\IMM32.DLL
0x774b0000 - 0x7757c000 	C:\Windows\syswow64\MSCTF.dll
0x659d0000 - 0x65a8f000 	C:\Program Files (x86)\Java\jre7\bin\msvcr100.dll
0x724d0000 - 0x72850000 	C:\Program Files (x86)\Java\jre7\bin\client\jvm.dll
0x74d00000 - 0x74d07000 	C:\Windows\system32\WSOCK32.dll
0x77470000 - 0x774a5000 	C:\Windows\syswow64\WS2_32.dll
0x763c0000 - 0x763c6000 	C:\Windows\syswow64\NSI.dll
0x74ac0000 - 0x74af2000 	C:\Windows\system32\WINMM.dll
0x77460000 - 0x77465000 	C:\Windows\syswow64\PSAPI.DLL
0x73560000 - 0x7356c000 	C:\Program Files (x86)\Java\jre7\bin\verify.dll
0x73540000 - 0x73560000 	C:\Program Files (x86)\Java\jre7\bin\java.dll
0x734b0000 - 0x734c3000 	C:\Program Files (x86)\Java\jre7\bin\zip.dll
0x65880000 - 0x659c3000 	C:\Program Files (x86)\Java\jre7\bin\awt.dll
0x75ff0000 - 0x7607f000 	C:\Windows\syswow64\OLEAUT32.dll
0x75e20000 - 0x75f7c000 	C:\Windows\syswow64\ole32.dll
0x721b0000 - 0x721c3000 	C:\Windows\system32\DWMAPI.DLL
0x721d0000 - 0x72250000 	C:\Windows\system32\uxtheme.dll
0x755a0000 - 0x755a9000 	C:\Windows\system32\VERSION.dll
0x767c0000 - 0x7740a000 	C:\Windows\system32\Shell32.dll
0x10000000 - 0x10109000 	C:\Windows\system32\nvspcap.dll
0x756f0000 - 0x75810000 	C:\Windows\syswow64\CRYPT32.dll
0x75f80000 - 0x75f8c000 	C:\Windows\syswow64\MSASN1.dll
0x655c0000 - 0x6587b000 	C:\Windows\system32\nvapi.dll
0x77670000 - 0x7780d000 	C:\Windows\syswow64\SETUPAPI.dll
0x766a0000 - 0x766c7000 	C:\Windows\syswow64\CFGMGR32.dll
0x76120000 - 0x76132000 	C:\Windows\syswow64\DEVOBJ.dll
0x6d4f0000 - 0x6d627000 	C:\Program Files (x86)\NVIDIA Corporation\3D Vision\nvSCPAPI.dll
0x75810000 - 0x7583e000 	C:\Windows\syswow64\WINTRUST.dll
0x6c8a0000 - 0x6c8d9000 	C:\Program Files (x86)\Java\jre7\bin\fontmanager.dll
0x75840000 - 0x758c3000 	C:\Windows\syswow64\CLBCatQ.DLL
0x73490000 - 0x734a4000 	C:\Program Files (x86)\Java\jre7\bin\net.dll
0x74ed0000 - 0x74f0c000 	C:\Windows\system32\mswsock.dll
0x74eb0000 - 0x74eb6000 	C:\Windows\System32\wship6.dll
0x73480000 - 0x7348f000 	C:\Program Files (x86)\Java\jre7\bin\nio.dll
0x6ca40000 - 0x6ca70000 	C:\Program Files (x86)\Java\jre7\bin\t2k.dll
0x74990000 - 0x749a6000 	C:\Windows\system32\CRYPTSP.dll
0x74950000 - 0x7498b000 	C:\Windows\system32\rsaenh.dll
0x74800000 - 0x74817000 	C:\Windows\system32\USERENV.dll
0x74d60000 - 0x74d6b000 	C:\Windows\system32\profapi.dll
0x74770000 - 0x74780000 	C:\Windows\system32\NLAapi.dll
0x74760000 - 0x74770000 	C:\Windows\system32\napinsp.dll
0x74740000 - 0x74752000 	C:\Windows\system32\pnrpnsp.dll
0x74e00000 - 0x74e44000 	C:\Windows\system32\DNSAPI.dll
0x74730000 - 0x74738000 	C:\Windows\System32\winrnr.dll
0x74ec0000 - 0x74ec5000 	C:\Windows\System32\wshtcpip.dll
0x74d90000 - 0x74dac000 	C:\Windows\system32\IPHLPAPI.DLL
0x74d80000 - 0x74d87000 	C:\Windows\system32\WINNSI.DLL
0x74d70000 - 0x74d76000 	C:\Windows\system32\rasadhlp.dll
0x74820000 - 0x74858000 	C:\Windows\System32\fwpuclnt.dll
0x6e780000 - 0x6e86b000 	C:\Windows\system32\dbghelp.dll

VM Arguments:
jvm_args: -Dfile.encoding=Cp1252 
java_command: Main.Game
Launcher Type: SUN_STANDARD

Environment Variables:
PATH=C:/Program Files (x86)/Java/jre7/bin/client;C:/Program Files (x86)/Java/jre7/bin;C:/Program Files (x86)/Java/jre7/lib/i386;C:\Program Files (x86)\NVIDIA Corporation\PhysX\Common;C:\Program Files (x86)\Intel\iCLS Client\;C:\Program Files\Intel\iCLS Client\;C:\Windows\system32;C:\Windows;C:\Windows\System32\Wbem;C:\Windows\System32\WindowsPowerShell\v1.0\;C:\Program Files (x86)\Intel\OpenCL SDK\2.0\bin\x86;C:\Program Files (x86)\Intel\OpenCL SDK\2.0\bin\x64;C:\Program Files\Intel\Intel(R) Management Engine Components\DAL;C:\Program Files\Intel\Intel(R) Management Engine Components\IPT;C:\Program Files (x86)\Intel\Intel(R) Management Engine Components\DAL;C:\Program Files (x86)\Intel\Intel(R) Management Engine Components\IPT;C:\Program Files (x86)\ATI Technologies\ATI.ACE\Core-Static;;C:\eclipse;
USERNAME=Spencerp
OS=Windows_NT
PROCESSOR_IDENTIFIER=Intel64 Family 6 Model 58 Stepping 9, GenuineIntel



---------------  S Y S T E M  ---------------

OS: Windows 7 , 64 bit Build 7601 Service Pack 1

CPU:total 8 (4 cores per cpu, 2 threads per core) family 6 model 58 stepping 9, cmov, cx8, fxsr, mmx, sse, sse2, sse3, ssse3, sse4.1, sse4.2, popcnt, avx, aes, erms, ht, tsc, tscinvbit, tscinv

Memory: 4k page, physical 16662084k(12924560k free), swap 33322304k(29043488k free)

vm_info: Java HotSpot(TM) Client VM (24.51-b03) for windows-x86 JRE (1.7.0_51-b13), built on Dec 18 2013 19:09:58 by "java_re" with unknown MS VC++:1600

time: Sun May 18 21:47:53 2014
elapsed time: 4 seconds

